2021-11-23 00:14:08.290  WARN 3011 --- [HikariPool-1 housekeeper] com.zaxxer.hikari.pool.HikariPool        : HikariPool-1 - Thread starvation or clock leap detected (housekeeper delta=5m6s555ms).
2021-11-23 00:21:06.224  WARN 3011 --- [HikariPool-1 housekeeper] com.zaxxer.hikari.pool.HikariPool        : HikariPool-1 - Thread starvation or clock leap detected (housekeeper delta=6m57s956ms).
2021-11-23 00:30:55.410  WARN 3011 --- [HikariPool-1 housekeeper] com.zaxxer.hikari.pool.HikariPool        : HikariPool-1 - Thread starvation or clock leap detected (housekeeper delta=9m49s184ms).
2021-11-23 00:40:47.664  WARN 3011 --- [HikariPool-1 housekeeper] com.zaxxer.hikari.pool.HikariPool        : HikariPool-1 - Thread starvation or clock leap detected (housekeeper delta=9m52s256ms).
2021-11-23 00:52:09.735  WARN 3011 --- [HikariPool-1 housekeeper] com.zaxxer.hikari.pool.HikariPool        : HikariPool-1 - Thread starvation or clock leap detected (housekeeper delta=11m22s71ms).
2021-11-23 01:03:44.873  WARN 3011 --- [HikariPool-1 housekeeper] com.zaxxer.hikari.pool.HikariPool        : HikariPool-1 - Thread starvation or clock leap detected (housekeeper delta=11m35s138ms).
2021-11-23 01:13:22.585  WARN 3011 --- [HikariPool-1 housekeeper] com.zaxxer.hikari.pool.HikariPool        : HikariPool-1 - Thread starvation or clock leap detected (housekeeper delta=9m37s712ms).
2021-11-23 01:29:05.785  WARN 3011 --- [HikariPool-1 housekeeper] com.zaxxer.hikari.pool.HikariPool        : HikariPool-1 - Thread starvation or clock leap detected (housekeeper delta=15m43s200ms).
2021-11-23 01:52:03.343  WARN 3011 --- [HikariPool-1 housekeeper] com.zaxxer.hikari.pool.HikariPool        : HikariPool-1 - Thread starvation or clock leap detected (housekeeper delta=22m57s558ms).
2021-11-23 02:11:06.633  WARN 3011 --- [HikariPool-1 housekeeper] com.zaxxer.hikari.pool.HikariPool        : HikariPool-1 - Thread starvation or clock leap detected (housekeeper delta=19m3s289ms).
2021-11-23 02:26:11.266  WARN 3011 --- [HikariPool-1 housekeeper] com.zaxxer.hikari.pool.HikariPool        : HikariPool-1 - Thread starvation or clock leap detected (housekeeper delta=15m4s634ms).
2021-11-23 02:35:39.101  WARN 3011 --- [HikariPool-1 housekeeper] com.zaxxer.hikari.pool.HikariPool        : HikariPool-1 - Thread starvation or clock leap detected (housekeeper delta=9m27s834ms).
2021-11-23 02:47:01.793  WARN 3011 --- [HikariPool-1 housekeeper] com.zaxxer.hikari.pool.HikariPool        : HikariPool-1 - Thread starvation or clock leap detected (housekeeper delta=11m22s693ms).
2021-11-23 03:00:17.061  WARN 3011 --- [HikariPool-1 housekeeper] com.zaxxer.hikari.pool.HikariPool        : HikariPool-1 - Thread starvation or clock leap detected (housekeeper delta=13m15s268ms).
2021-11-23 03:14:23.255  WARN 3011 --- [HikariPool-1 housekeeper] com.zaxxer.hikari.pool.HikariPool        : HikariPool-1 - Thread starvation or clock leap detected (housekeeper delta=14m6s193ms).
2021-11-23 03:26:35.197  WARN 3011 --- [HikariPool-1 housekeeper] com.zaxxer.hikari.pool.HikariPool        : HikariPool-1 - Thread starvation or clock leap detected (housekeeper delta=12m11s943ms).
2021-11-23 03:46:07.692  WARN 3011 --- [HikariPool-1 housekeeper] com.zaxxer.hikari.pool.HikariPool        : HikariPool-1 - Thread starvation or clock leap detected (housekeeper delta=19m32s495ms).
2021-11-23 03:56:01.407  WARN 3011 --- [HikariPool-1 housekeeper] com.zaxxer.hikari.pool.HikariPool        : HikariPool-1 - Thread starvation or clock leap detected (housekeeper delta=9m53s715ms).
2021-11-23 04:09:44.721  WARN 3011 --- [HikariPool-1 housekeeper] com.zaxxer.hikari.pool.HikariPool        : HikariPool-1 - Thread starvation or clock leap detected (housekeeper delta=13m43s314ms).
2021-11-23 04:21:51.873  WARN 3011 --- [HikariPool-1 housekeeper] com.zaxxer.hikari.pool.HikariPool        : HikariPool-1 - Thread starvation or clock leap detected (housekeeper delta=12m7s149ms).
2021-11-23 04:29:28.178  WARN 3011 --- [HikariPool-1 housekeeper] com.zaxxer.hikari.pool.HikariPool        : HikariPool-1 - Thread starvation or clock leap detected (housekeeper delta=7m36s308ms).
2021-11-23 04:40:43.783  WARN 3011 --- [HikariPool-1 housekeeper] com.zaxxer.hikari.pool.HikariPool        : HikariPool-1 - Thread starvation or clock leap detected (housekeeper delta=11m15s605ms).
2021-11-23 04:50:06.327  WARN 3011 --- [HikariPool-1 housekeeper] com.zaxxer.hikari.pool.HikariPool        : HikariPool-1 - Thread starvation or clock leap detected (housekeeper delta=9m22s543ms).
2021-11-23 04:59:56.680  WARN 3011 --- [HikariPool-1 housekeeper] com.zaxxer.hikari.pool.HikariPool        : HikariPool-1 - Thread starvation or clock leap detected (housekeeper delta=9m50s354ms).
2021-11-23 05:08:53.290  WARN 3011 --- [HikariPool-1 housekeeper] com.zaxxer.hikari.pool.HikariPool        : HikariPool-1 - Thread starvation or clock leap detected (housekeeper delta=8m56s610ms).
2021-11-23 05:18:19.397  WARN 3011 --- [HikariPool-1 housekeeper] com.zaxxer.hikari.pool.HikariPool        : HikariPool-1 - Thread starvation or clock leap detected (housekeeper delta=9m26s107ms).
2021-11-23 05:28:41.114  WARN 3011 --- [HikariPool-1 housekeeper] com.zaxxer.hikari.pool.HikariPool        : HikariPool-1 - Thread starvation or clock leap detected (housekeeper delta=10m21s716ms).
2021-11-23 05:41:08.935  WARN 3011 --- [HikariPool-1 housekeeper] com.zaxxer.hikari.pool.HikariPool        : HikariPool-1 - Thread starvation or clock leap detected (housekeeper delta=12m27s822ms).
2021-11-23 05:58:14.651  WARN 3011 --- [HikariPool-1 housekeeper] com.zaxxer.hikari.pool.HikariPool        : HikariPool-1 - Thread starvation or clock leap detected (housekeeper delta=17m5s716ms).
2021-11-23 06:07:17.196  WARN 3011 --- [HikariPool-1 housekeeper] com.zaxxer.hikari.pool.HikariPool        : HikariPool-1 - Thread starvation or clock leap detected (housekeeper delta=9m2s544ms).
2021-11-23 06:15:47.404  WARN 3011 --- [HikariPool-1 housekeeper] com.zaxxer.hikari.pool.HikariPool        : HikariPool-1 - Thread starvation or clock leap detected (housekeeper delta=8m30s209ms).
2021-11-23 06:25:29.279  WARN 3011 --- [HikariPool-1 housekeeper] com.zaxxer.hikari.pool.HikariPool        : HikariPool-1 - Thread starvation or clock leap detected (housekeeper delta=9m41s875ms).
2021-11-23 06:35:29.654  WARN 3011 --- [HikariPool-1 housekeeper] com.zaxxer.hikari.pool.HikariPool        : HikariPool-1 - Thread starvation or clock leap detected (housekeeper delta=10m375ms).
2021-11-23 06:44:59.308  WARN 3011 --- [HikariPool-1 housekeeper] com.zaxxer.hikari.pool.HikariPool        : HikariPool-1 - Thread starvation or clock leap detected (housekeeper delta=9m29s654ms).
2021-11-23 06:54:38.771  WARN 3011 --- [HikariPool-1 housekeeper] com.zaxxer.hikari.pool.HikariPool        : HikariPool-1 - Thread starvation or clock leap detected (housekeeper delta=9m39s463ms).
2021-11-23 07:04:20.457  WARN 3011 --- [HikariPool-1 housekeeper] com.zaxxer.hikari.pool.HikariPool        : HikariPool-1 - Thread starvation or clock leap detected (housekeeper delta=9m41s686ms).
2021-11-23 07:13:31.944  WARN 3011 --- [HikariPool-1 housekeeper] com.zaxxer.hikari.pool.HikariPool        : HikariPool-1 - Thread starvation or clock leap detected (housekeeper delta=9m11s487ms).
2021-11-23 07:23:11.907  WARN 3011 --- [HikariPool-1 housekeeper] com.zaxxer.hikari.pool.HikariPool        : HikariPool-1 - Thread starvation or clock leap detected (housekeeper delta=9m39s963ms).
2021-11-23 07:37:18.173  WARN 3011 --- [HikariPool-1 housekeeper] com.zaxxer.hikari.pool.HikariPool        : HikariPool-1 - Thread starvation or clock leap detected (housekeeper delta=14m6s266ms).
2021-11-23 07:51:21.092  WARN 3011 --- [HikariPool-1 housekeeper] com.zaxxer.hikari.pool.HikariPool        : HikariPool-1 - Thread starvation or clock leap detected (housekeeper delta=14m2s919ms).
2021-11-23 08:10:34.733  WARN 3011 --- [HikariPool-1 housekeeper] com.zaxxer.hikari.pool.HikariPool        : HikariPool-1 - Thread starvation or clock leap detected (housekeeper delta=19m13s640ms).
2021-11-23 08:22:34.400  WARN 3011 --- [HikariPool-1 housekeeper] com.zaxxer.hikari.pool.HikariPool        : HikariPool-1 - Thread starvation or clock leap detected (housekeeper delta=11m59s668ms).
2021-11-23 08:30:13.262  WARN 3011 --- [HikariPool-1 housekeeper] com.zaxxer.hikari.pool.HikariPool        : HikariPool-1 - Thread starvation or clock leap detected (housekeeper delta=7m38s862ms).
2021-11-23 08:40:02.748  WARN 3011 --- [HikariPool-1 housekeeper] com.zaxxer.hikari.pool.HikariPool        : HikariPool-1 - Thread starvation or clock leap detected (housekeeper delta=9m49s486ms).
2021-11-23 08:49:46.882  WARN 3011 --- [HikariPool-1 housekeeper] com.zaxxer.hikari.pool.HikariPool        : HikariPool-1 - Thread starvation or clock leap detected (housekeeper delta=9m44s134ms).
2021-11-23 08:59:19.574  WARN 3011 --- [HikariPool-1 housekeeper] com.zaxxer.hikari.pool.HikariPool        : HikariPool-1 - Thread starvation or clock leap detected (housekeeper delta=9m32s692ms).
2021-11-23 09:08:49.935  WARN 3011 --- [HikariPool-1 housekeeper] com.zaxxer.hikari.pool.HikariPool        : HikariPool-1 - Thread starvation or clock leap detected (housekeeper delta=9m30s361ms).
2021-11-23 09:18:15.670  WARN 3011 --- [HikariPool-1 housekeeper] com.zaxxer.hikari.pool.HikariPool        : HikariPool-1 - Thread starvation or clock leap detected (housekeeper delta=9m25s734ms).
2021-11-23 09:27:47.914  WARN 3011 --- [HikariPool-1 housekeeper] com.zaxxer.hikari.pool.HikariPool        : HikariPool-1 - Thread starvation or clock leap detected (housekeeper delta=9m32s245ms).
2021-11-23 09:37:30.458  WARN 3011 --- [HikariPool-1 housekeeper] com.zaxxer.hikari.pool.HikariPool        : HikariPool-1 - Thread starvation or clock leap detected (housekeeper delta=9m42s544ms).
2021-11-23 09:47:16.587  WARN 3011 --- [HikariPool-1 housekeeper] com.zaxxer.hikari.pool.HikariPool        : HikariPool-1 - Thread starvation or clock leap detected (housekeeper delta=9m46s129ms).
2021-11-23 09:55:17.721  WARN 3011 --- [HikariPool-1 housekeeper] com.zaxxer.hikari.pool.HikariPool        : HikariPool-1 - Thread starvation or clock leap detected (housekeeper delta=8m1s134ms).
2021-11-23 10:07:06.417  WARN 3011 --- [HikariPool-1 housekeeper] com.zaxxer.hikari.pool.HikariPool        : HikariPool-1 - Thread starvation or clock leap detected (housekeeper delta=11m48s695ms).
2021-11-23 10:14:32.152  WARN 3011 --- [HikariPool-1 housekeeper] com.zaxxer.hikari.pool.HikariPool        : HikariPool-1 - Thread starvation or clock leap detected (housekeeper delta=7m25s736ms).
2021-11-23 10:22:49.273  WARN 3011 --- [HikariPool-1 housekeeper] com.zaxxer.hikari.pool.HikariPool        : HikariPool-1 - Thread starvation or clock leap detected (housekeeper delta=8m17s118ms).
2021-11-23 10:32:41.298  WARN 3011 --- [HikariPool-1 housekeeper] com.zaxxer.hikari.pool.HikariPool        : HikariPool-1 - Thread starvation or clock leap detected (housekeeper delta=9m52s27ms).
2021-11-23 10:41:51.803  WARN 3011 --- [HikariPool-1 housekeeper] com.zaxxer.hikari.pool.HikariPool        : HikariPool-1 - Thread starvation or clock leap detected (housekeeper delta=9m10s506ms).
2021-11-23 10:51:29.160  WARN 3011 --- [HikariPool-1 housekeeper] com.zaxxer.hikari.pool.HikariPool        : HikariPool-1 - Thread starvation or clock leap detected (housekeeper delta=9m37s357ms).
2021-11-23 11:01:14.925  WARN 3011 --- [HikariPool-1 housekeeper] com.zaxxer.hikari.pool.HikariPool        : HikariPool-1 - Thread starvation or clock leap detected (housekeeper delta=9m45s764ms).
2021-11-23 11:08:24.301  WARN 3011 --- [HikariPool-1 housekeeper] com.zaxxer.hikari.pool.HikariPool        : HikariPool-1 - Thread starvation or clock leap detected (housekeeper delta=7m9s377ms).
2021-11-23 11:20:07.775  WARN 3011 --- [HikariPool-1 housekeeper] com.zaxxer.hikari.pool.HikariPool        : HikariPool-1 - Thread starvation or clock leap detected (housekeeper delta=11m43s474ms).
2021-11-23 11:27:59.714  WARN 3011 --- [HikariPool-1 housekeeper] com.zaxxer.hikari.pool.HikariPool        : HikariPool-1 - Thread starvation or clock leap detected (housekeeper delta=7m51s939ms).
2021-11-23 11:37:45.354  WARN 3011 --- [HikariPool-1 housekeeper] com.zaxxer.hikari.pool.HikariPool        : HikariPool-1 - Thread starvation or clock leap detected (housekeeper delta=9m45s640ms).
2021-11-23 11:47:24.187  WARN 3011 --- [HikariPool-1 housekeeper] com.zaxxer.hikari.pool.HikariPool        : HikariPool-1 - Thread starvation or clock leap detected (housekeeper delta=9m38s833ms).
2021-11-23 11:56:46.677  WARN 3011 --- [HikariPool-1 housekeeper] com.zaxxer.hikari.pool.HikariPool        : HikariPool-1 - Thread starvation or clock leap detected (housekeeper delta=9m22s490ms).
2021-11-23 12:07:34.038  WARN 3011 --- [HikariPool-1 housekeeper] com.zaxxer.hikari.pool.HikariPool        : HikariPool-1 - Thread starvation or clock leap detected (housekeeper delta=10m47s361ms).
2021-11-23 12:14:27.831  WARN 3011 --- [HikariPool-1 housekeeper] com.zaxxer.hikari.pool.HikariPool        : HikariPool-1 - Thread starvation or clock leap detected (housekeeper delta=6m53s790ms).
2021-11-23 12:24:35.111  WARN 3011 --- [HikariPool-1 housekeeper] com.zaxxer.hikari.pool.HikariPool        : HikariPool-1 - Thread starvation or clock leap detected (housekeeper delta=10m7s282ms).
2021-11-23 12:29:40.790  WARN 3011 --- [HikariPool-1 housekeeper] com.zaxxer.hikari.pool.HikariPool        : HikariPool-1 - Thread starvation or clock leap detected (housekeeper delta=5m5s680ms).
2021-11-23 12:34:59.195  WARN 3011 --- [HikariPool-1 housekeeper] com.zaxxer.hikari.pool.HikariPool        : HikariPool-1 - Thread starvation or clock leap detected (housekeeper delta=5m18s405ms).
2021-11-23 16:13:42.932  WARN 3011 --- [HikariPool-1 housekeeper] com.zaxxer.hikari.pool.HikariPool        : HikariPool-1 - Thread starvation or clock leap detected (housekeeper delta=2m58s793ms).
2021-11-23 16:20:34.715  WARN 3011 --- [HikariPool-1 housekeeper] com.zaxxer.hikari.pool.HikariPool        : HikariPool-1 - Thread starvation or clock leap detected (housekeeper delta=6m51s797ms).
2021-11-23 16:28:33.312  WARN 3011 --- [HikariPool-1 housekeeper] com.zaxxer.hikari.pool.HikariPool        : HikariPool-1 - Thread starvation or clock leap detected (housekeeper delta=2m58s516ms).
2021-11-23 16:34:07.377  WARN 3011 --- [HikariPool-1 housekeeper] com.zaxxer.hikari.pool.HikariPool        : HikariPool-1 - Thread starvation or clock leap detected (housekeeper delta=5m34s66ms).
2021-11-23 16:43:28.520  WARN 3011 --- [HikariPool-1 housekeeper] com.zaxxer.hikari.pool.HikariPool        : HikariPool-1 - Thread starvation or clock leap detected (housekeeper delta=9m21s142ms).
2021-11-23 18:10:01.152  WARN 3011 --- [HikariPool-1 housekeeper] com.zaxxer.hikari.pool.HikariPool        : HikariPool-1 - Thread starvation or clock leap detected (housekeeper delta=2m55s81ms).
2021-11-23 18:13:12.481  WARN 3011 --- [HikariPool-1 housekeeper] com.zaxxer.hikari.pool.HikariPool        : HikariPool-1 - Thread starvation or clock leap detected (housekeeper delta=2m41s309ms).
2021-11-23 18:15:44.036  WARN 3011 --- [HikariPool-1 housekeeper] com.zaxxer.hikari.pool.HikariPool        : HikariPool-1 - Thread starvation or clock leap detected (housekeeper delta=2m31s555ms).
2021-11-23 18:18:45.527  WARN 3011 --- [HikariPool-1 housekeeper] com.zaxxer.hikari.pool.HikariPool        : HikariPool-1 - Thread starvation or clock leap detected (housekeeper delta=3m1s491ms).
2021-11-23 18:26:13.655  WARN 3011 --- [HikariPool-1 housekeeper] com.zaxxer.hikari.pool.HikariPool        : HikariPool-1 - Thread starvation or clock leap detected (housekeeper delta=7m28s128ms).
2021-11-23 18:35:43.091  WARN 3011 --- [HikariPool-1 housekeeper] com.zaxxer.hikari.pool.HikariPool        : HikariPool-1 - Thread starvation or clock leap detected (housekeeper delta=9m29s436ms).
2021-11-23 18:45:21.930  WARN 3011 --- [HikariPool-1 housekeeper] com.zaxxer.hikari.pool.HikariPool        : HikariPool-1 - Thread starvation or clock leap detected (housekeeper delta=9m38s839ms).
2021-11-23 18:54:46.532  WARN 3011 --- [HikariPool-1 housekeeper] com.zaxxer.hikari.pool.HikariPool        : HikariPool-1 - Thread starvation or clock leap detected (housekeeper delta=9m24s602ms).
2021-11-23 19:08:33.514  WARN 3011 --- [HikariPool-1 housekeeper] com.zaxxer.hikari.pool.HikariPool        : HikariPool-1 - Thread starvation or clock leap detected (housekeeper delta=13m46s982ms).
2021-11-23 19:30:24.208  WARN 3011 --- [HikariPool-1 housekeeper] com.zaxxer.hikari.pool.HikariPool        : HikariPool-1 - Thread starvation or clock leap detected (housekeeper delta=21m50s694ms).
2021-11-23 19:34:43.675  WARN 3011 --- [HikariPool-1 housekeeper] com.zaxxer.hikari.pool.HikariPool        : HikariPool-1 - Thread starvation or clock leap detected (housekeeper delta=4m19s467ms).
2021-11-23 19:37:52.981  WARN 3011 --- [HikariPool-1 housekeeper] com.zaxxer.hikari.pool.HikariPool        : HikariPool-1 - Thread starvation or clock leap detected (housekeeper delta=2m39s301ms).
2021-11-23 19:41:17.015  WARN 3011 --- [HikariPool-1 housekeeper] com.zaxxer.hikari.pool.HikariPool        : HikariPool-1 - Thread starvation or clock leap detected (housekeeper delta=2m24s28ms).
2021-11-23 19:45:57.022  WARN 3011 --- [HikariPool-1 housekeeper] com.zaxxer.hikari.pool.HikariPool        : HikariPool-1 - Thread starvation or clock leap detected (housekeeper delta=4m10s2ms).
2021-11-23 19:50:02.931  WARN 3011 --- [HikariPool-1 housekeeper] com.zaxxer.hikari.pool.HikariPool        : HikariPool-1 - Thread starvation or clock leap detected (housekeeper delta=3m35s901ms).
2021-11-23 20:02:04.819  WARN 3011 --- [HikariPool-1 housekeeper] com.zaxxer.hikari.pool.HikariPool        : HikariPool-1 - Thread starvation or clock leap detected (housekeeper delta=7m31s819ms).
2021-11-23 20:08:23.693  WARN 3011 --- [HikariPool-1 housekeeper] com.zaxxer.hikari.pool.HikariPool        : HikariPool-1 - Thread starvation or clock leap detected (housekeeper delta=6m18s874ms).
2021-11-23 20:11:29.506  WARN 3011 --- [HikariPool-1 housekeeper] com.zaxxer.hikari.pool.HikariPool        : HikariPool-1 - Thread starvation or clock leap detected (housekeeper delta=2m35s809ms).
2021-11-23 20:16:59.902  WARN 3011 --- [HikariPool-1 housekeeper] com.zaxxer.hikari.pool.HikariPool        : HikariPool-1 - Thread starvation or clock leap detected (housekeeper delta=5m30s396ms).
2021-11-23 20:29:25.252  WARN 3011 --- [HikariPool-1 housekeeper] com.zaxxer.hikari.pool.HikariPool        : HikariPool-1 - Thread starvation or clock leap detected (housekeeper delta=11m55s335ms).
2021-11-23 20:41:19.575  WARN 3011 --- [HikariPool-1 housekeeper] com.zaxxer.hikari.pool.HikariPool        : HikariPool-1 - Thread starvation or clock leap detected (housekeeper delta=11m54s323ms).
2021-11-23 20:51:13.703  WARN 3011 --- [HikariPool-1 housekeeper] com.zaxxer.hikari.pool.HikariPool        : HikariPool-1 - Thread starvation or clock leap detected (housekeeper delta=9m24s120ms).
2021-11-23 20:57:07.852  WARN 3011 --- [HikariPool-1 housekeeper] com.zaxxer.hikari.pool.HikariPool        : HikariPool-1 - Thread starvation or clock leap detected (housekeeper delta=5m54s150ms).
2021-11-23 21:05:04.586  WARN 3011 --- [HikariPool-1 housekeeper] com.zaxxer.hikari.pool.HikariPool        : HikariPool-1 - Thread starvation or clock leap detected (housekeeper delta=7m26s722ms).
2021-11-23 21:07:52.919  WARN 3011 --- [HikariPool-1 housekeeper] com.zaxxer.hikari.pool.HikariPool        : HikariPool-1 - Thread starvation or clock leap detected (housekeeper delta=2m48s334ms).
2021-11-23 21:13:20.045  WARN 3011 --- [HikariPool-1 housekeeper] com.zaxxer.hikari.pool.HikariPool        : HikariPool-1 - Thread starvation or clock leap detected (housekeeper delta=4m57s120ms).
2021-11-23 21:17:47.656  WARN 3011 --- [HikariPool-1 housekeeper] com.zaxxer.hikari.pool.HikariPool        : HikariPool-1 - Thread starvation or clock leap detected (housekeeper delta=4m27s611ms).
2021-11-23 21:33:58.039  WARN 3011 --- [HikariPool-1 housekeeper] com.zaxxer.hikari.pool.HikariPool        : HikariPool-1 - Thread starvation or clock leap detected (housekeeper delta=16m10s383ms).
2021-11-23 21:34:27.878  WARN 3011 --- [HikariPool-1 housekeeper] com.zaxxer.hikari.pool.HikariPool        : HikariPool-1 - Retrograde clock change detected (housekeeper delta=29s833ms), soft-evicting connections from pool.
2021-11-23 22:27:15.216  WARN 3011 --- [HikariPool-1 housekeeper] com.zaxxer.hikari.pool.HikariPool        : HikariPool-1 - Thread starvation or clock leap detected (housekeeper delta=2m16s853ms).
2021-11-23 22:29:21.708  INFO 3011 --- [Thread-3] o.s.s.concurrent.ThreadPoolTaskExecutor  : Shutting down ExecutorService 'applicationTaskExecutor'
2021-11-23 22:29:21.731  INFO 3011 --- [Thread-3] j.LocalContainerEntityManagerFactoryBean : Closing JPA EntityManagerFactory for persistence unit 'default'
2021-11-23 22:29:21.823  INFO 3011 --- [Thread-3] com.zaxxer.hikari.HikariDataSource       : HikariPool-1 - Shutdown initiated...
2021-11-23 22:29:21.862  INFO 3011 --- [Thread-3] com.zaxxer.hikari.HikariDataSource       : HikariPool-1 - Shutdown completed.
2021-11-23 22:29:27.491  INFO 27341 --- [main] com.example.demo.SareetaApplication      : Starting SareetaApplication on Ezes-MacBook-Pro.local with PID 27341 (/Users/ezemery/Desktop/ecommerce/starter_code/target/classes started by ezemery in /Users/ezemery/Desktop/ecommerce)
2021-11-23 22:29:27.500  INFO 27341 --- [main] com.example.demo.SareetaApplication      : No active profile set, falling back to default profiles: default
2021-11-23 22:29:29.110  INFO 27341 --- [main] .s.d.r.c.RepositoryConfigurationDelegate : Bootstrapping Spring Data repositories in DEFAULT mode.
2021-11-23 22:29:29.228  INFO 27341 --- [main] .s.d.r.c.RepositoryConfigurationDelegate : Finished Spring Data repository scanning in 110ms. Found 4 repository interfaces.
2021-11-23 22:29:30.186  INFO 27341 --- [main] trationDelegate$BeanPostProcessorChecker : Bean 'org.springframework.transaction.annotation.ProxyTransactionManagementConfiguration' of type [org.springframework.transaction.annotation.ProxyTransactionManagementConfiguration$$EnhancerBySpringCGLIB$$e244fc35] is not eligible for getting processed by all BeanPostProcessors (for example: not eligible for auto-proxying)
2021-11-23 22:29:30.656  INFO 27341 --- [main] o.s.b.w.embedded.tomcat.TomcatWebServer  : Tomcat initialized with port(s): 8080 (http)
2021-11-23 22:29:30.701  INFO 27341 --- [main] o.apache.catalina.core.StandardService   : Starting service [Tomcat]
2021-11-23 22:29:30.701  INFO 27341 --- [main] org.apache.catalina.core.StandardEngine  : Starting Servlet engine: [Apache Tomcat/9.0.19]
2021-11-23 22:29:30.863  INFO 27341 --- [main] o.a.c.c.C.[Tomcat].[localhost].[/]       : Initializing Spring embedded WebApplicationContext
2021-11-23 22:29:30.864  INFO 27341 --- [main] o.s.web.context.ContextLoader            : Root WebApplicationContext: initialization completed in 3189 ms
2021-11-23 22:29:31.251  INFO 27341 --- [main] com.zaxxer.hikari.HikariDataSource       : HikariPool-1 - Starting...
2021-11-23 22:29:31.397  INFO 27341 --- [main] com.zaxxer.hikari.HikariDataSource       : HikariPool-1 - Start completed.
2021-11-23 22:29:31.491  INFO 27341 --- [main] o.hibernate.jpa.internal.util.LogHelper  : HHH000204: Processing PersistenceUnitInfo [
	name: default
	...]
2021-11-23 22:29:31.572  INFO 27341 --- [main] org.hibernate.Version                    : HHH000412: Hibernate Core {5.3.10.Final}
2021-11-23 22:29:31.575  INFO 27341 --- [main] org.hibernate.cfg.Environment            : HHH000206: hibernate.properties not found
2021-11-23 22:29:31.708  INFO 27341 --- [main] o.hibernate.annotations.common.Version   : HCANN000001: Hibernate Commons Annotations {5.0.4.Final}
2021-11-23 22:29:31.835  INFO 27341 --- [main] org.hibernate.dialect.Dialect            : HHH000400: Using dialect: org.hibernate.dialect.H2Dialect
2021-11-23 22:29:32.760  INFO 27341 --- [main] j.LocalContainerEntityManagerFactoryBean : Initialized JPA EntityManagerFactory for persistence unit 'default'
2021-11-23 22:29:33.708  WARN 27341 --- [main] aWebConfiguration$JpaWebMvcConfiguration : spring.jpa.open-in-view is enabled by default. Therefore, database queries may be performed during view rendering. Explicitly configure spring.jpa.open-in-view to disable this warning
2021-11-23 22:29:33.816  INFO 27341 --- [main] o.s.s.web.DefaultSecurityFilterChain     : Creating filter chain: any request, [org.springframework.security.web.context.request.async.WebAsyncManagerIntegrationFilter@74797b90, org.springframework.security.web.context.SecurityContextPersistenceFilter@69abeb14, org.springframework.security.web.header.HeaderWriterFilter@161c9468, org.springframework.web.filter.CorsFilter@7676b2b9, org.springframework.security.web.authentication.logout.LogoutFilter@63243c8f, com.example.demo.security.JWTAuthenticationFilter@720c0996, com.example.demo.security.JWTAuthenticationVerficationFilter@7910e307, org.springframework.security.web.savedrequest.RequestCacheAwareFilter@34d5eac, org.springframework.security.web.servletapi.SecurityContextHolderAwareRequestFilter@65a66a75, org.springframework.security.web.authentication.AnonymousAuthenticationFilter@460aa24e, org.springframework.security.web.session.SessionManagementFilter@6b32b678, org.springframework.security.web.access.ExceptionTranslationFilter@143fe09c, org.springframework.security.web.access.intercept.FilterSecurityInterceptor@70a54731]
2021-11-23 22:29:33.963  INFO 27341 --- [main] o.s.s.concurrent.ThreadPoolTaskExecutor  : Initializing ExecutorService 'applicationTaskExecutor'
2021-11-23 22:29:34.264  INFO 27341 --- [main] o.s.b.w.embedded.tomcat.TomcatWebServer  : Tomcat started on port(s): 8080 (http) with context path ''
2021-11-23 22:29:34.268  INFO 27341 --- [main] com.example.demo.SareetaApplication      : Started SareetaApplication in 7.555 seconds (JVM running for 8.237)
2021-11-23 22:45:46.151  WARN 27341 --- [HikariPool-1 housekeeper] com.zaxxer.hikari.pool.HikariPool        : HikariPool-1 - Thread starvation or clock leap detected (housekeeper delta=4m14s555ms).
2021-11-23 22:54:21.765  WARN 27341 --- [HikariPool-1 housekeeper] com.zaxxer.hikari.pool.HikariPool        : HikariPool-1 - Thread starvation or clock leap detected (housekeeper delta=8m35s618ms).
